{"/Users/idanabel/מסמכים/Work/jelly_world/server/src/server.ts": {"path":"/Users/idanabel/מסמכים/Work/jelly_world/server/src/server.ts","statementMap":{"0":{"start":{"line":1,"column":0},"end":{"line":1,"column":28}},"1":{"start":{"line":2,"column":0},"end":{"line":2,"column":16}},"2":{"start":{"line":4,"column":0},"end":{"line":4,"column":32}},"3":{"start":{"line":5,"column":0},"end":{"line":5,"column":43}},"4":{"start":{"line":6,"column":0},"end":{"line":6,"column":44}},"5":{"start":{"line":7,"column":0},"end":{"line":7,"column":45}},"6":{"start":{"line":8,"column":0},"end":{"line":8,"column":49}},"7":{"start":{"line":9,"column":0},"end":{"line":9,"column":41}},"8":{"start":{"line":11,"column":0},"end":{"line":11,"column":43}},"9":{"start":{"line":12,"column":0},"end":{"line":12,"column":71}},"10":{"start":{"line":13,"column":0},"end":{"line":13,"column":49}},"11":{"start":{"line":14,"column":0},"end":{"line":14,"column":49}},"12":{"start":{"line":15,"column":0},"end":{"line":15,"column":37}},"13":{"start":{"line":17,"column":12},"end":{"line":17,"column":21}},"14":{"start":{"line":19,"column":0},"end":{"line":19,"column":27}},"15":{"start":{"line":20,"column":0},"end":{"line":20,"column":51}},"16":{"start":{"line":21,"column":0},"end":{"line":29,"column":3}},"17":{"start":{"line":22,"column":2},"end":{"line":22,"column":49}},"18":{"start":{"line":23,"column":2},"end":{"line":23,"column":50}},"19":{"start":{"line":24,"column":2},"end":{"line":24,"column":50}},"20":{"start":{"line":25,"column":2},"end":{"line":25,"column":58}},"21":{"start":{"line":26,"column":2},"end":{"line":26,"column":60}},"22":{"start":{"line":28,"column":2},"end":{"line":28,"column":9}},"23":{"start":{"line":31,"column":0},"end":{"line":31,"column":44}},"24":{"start":{"line":32,"column":0},"end":{"line":32,"column":66}},"25":{"start":{"line":34,"column":0},"end":{"line":34,"column":34}},"26":{"start":{"line":35,"column":0},"end":{"line":35,"column":34}},"27":{"start":{"line":36,"column":0},"end":{"line":36,"column":39}},"28":{"start":{"line":37,"column":0},"end":{"line":37,"column":37}},"29":{"start":{"line":38,"column":0},"end":{"line":38,"column":38}},"30":{"start":{"line":39,"column":0},"end":{"line":39,"column":45}},"31":{"start":{"line":41,"column":23},"end":{"line":54,"column":2}},"32":{"start":{"line":56,"column":21},"end":{"line":56,"column":49}},"33":{"start":{"line":57,"column":0},"end":{"line":57,"column":69}},"34":{"start":{"line":58,"column":0},"end":{"line":58,"column":33}},"35":{"start":{"line":61,"column":0},"end":{"line":61,"column":18}},"36":{"start":{"line":62,"column":0},"end":{"line":62,"column":22}},"37":{"start":{"line":64,"column":11},"end":{"line":64,"column":30}},"38":{"start":{"line":65,"column":0},"end":{"line":65,"column":48}},"39":{"start":{"line":65,"column":26},"end":{"line":65,"column":46}},"40":{"start":{"line":66,"column":0},"end":{"line":66,"column":60}},"41":{"start":{"line":66,"column":22},"end":{"line":66,"column":58}},"42":{"start":{"line":68,"column":16},"end":{"line":83,"column":1}},"43":{"start":{"line":69,"column":2},"end":{"line":82,"column":5}},"44":{"start":{"line":70,"column":4},"end":{"line":81,"column":5}},"45":{"start":{"line":71,"column":6},"end":{"line":71,"column":55}},"46":{"start":{"line":73,"column":6},"end":{"line":80,"column":11}},"47":{"start":{"line":76,"column":10},"end":{"line":76,"column":23}},"48":{"start":{"line":79,"column":10},"end":{"line":79,"column":24}},"49":{"start":{"line":85,"column":0},"end":{"line":85,"column":23}}},"fnMap":{"0":{"name":"(anonymous_1)","decl":{"start":{"line":21,"column":8},"end":{"line":21,"column":9}},"loc":{"start":{"line":21,"column":27},"end":{"line":29,"column":1}}},"1":{"name":"(anonymous_2)","decl":{"start":{"line":65,"column":15},"end":{"line":65,"column":16}},"loc":{"start":{"line":65,"column":26},"end":{"line":65,"column":46}}},"2":{"name":"(anonymous_3)","decl":{"start":{"line":66,"column":16},"end":{"line":66,"column":19}},"loc":{"start":{"line":66,"column":22},"end":{"line":66,"column":58}}},"3":{"name":"(anonymous_4)","decl":{"start":{"line":68,"column":16},"end":{"line":68,"column":19}},"loc":{"start":{"line":68,"column":21},"end":{"line":83,"column":1}}},"4":{"name":"(anonymous_5)","decl":{"start":{"line":69,"column":30},"end":{"line":69,"column":31}},"loc":{"start":{"line":69,"column":50},"end":{"line":82,"column":3}}},"5":{"name":"(anonymous_6)","decl":{"start":{"line":75,"column":14},"end":{"line":75,"column":17}},"loc":{"start":{"line":75,"column":19},"end":{"line":77,"column":9}}},"6":{"name":"(anonymous_7)","decl":{"start":{"line":78,"column":15},"end":{"line":78,"column":16}},"loc":{"start":{"line":78,"column":25},"end":{"line":80,"column":9}}}},"branchMap":{"0":{"loc":{"start":{"line":70,"column":4},"end":{"line":81,"column":5}},"type":"if","locations":[{"start":{"line":70,"column":4},"end":{"line":81,"column":5}},{"start":{"line":72,"column":11},"end":{"line":81,"column":5}}]}},"s":{"0":5,"1":5,"2":5,"3":5,"4":5,"5":5,"6":5,"7":5,"8":5,"9":5,"10":5,"11":5,"12":5,"13":5,"14":5,"15":5,"16":5,"17":26,"18":26,"19":26,"20":26,"21":26,"22":26,"23":5,"24":5,"25":5,"26":5,"27":5,"28":5,"29":5,"30":5,"31":5,"32":5,"33":5,"34":5,"35":5,"36":5,"37":5,"38":5,"39":0,"40":5,"41":5,"42":5,"43":5,"44":5,"45":0,"46":5,"47":5,"48":0,"49":5},"f":{"0":26,"1":0,"2":5,"3":5,"4":5,"5":5,"6":0},"b":{"0":[0,5]}}
,"/Users/idanabel/מסמכים/Work/jelly_world/server/src/common/customTypes.ts": {"path":"/Users/idanabel/מסמכים/Work/jelly_world/server/src/common/customTypes.ts","statementMap":{"0":{"start":{"line":12,"column":34},"end":{"line":21,"column":1}},"1":{"start":{"line":18,"column":2},"end":{"line":20,"column":4}},"2":{"start":{"line":19,"column":4},"end":{"line":19,"column":66}},"3":{"start":{"line":12,"column":13},"end":{"line":12,"column":34}}},"fnMap":{"0":{"name":"(anonymous_0)","decl":{"start":{"line":12,"column":34},"end":{"line":12,"column":null}},"loc":{"start":{"line":17,"column":4},"end":{"line":21,"column":1}}},"1":{"name":"(anonymous_1)","decl":{"start":{"line":18,"column":9},"end":{"line":18,"column":10}},"loc":{"start":{"line":18,"column":61},"end":{"line":20,"column":3}}}},"branchMap":{},"s":{"0":5,"1":55,"2":11,"3":5},"f":{"0":55,"1":11},"b":{}}
,"/Users/idanabel/מסמכים/Work/jelly_world/server/src/controllers/authController.ts": {"path":"/Users/idanabel/מסמכים/Work/jelly_world/server/src/controllers/authController.ts","statementMap":{"0":{"start":{"line":1,"column":0},"end":{"line":1,"column":31}},"1":{"start":{"line":2,"column":0},"end":{"line":2,"column":51}},"2":{"start":{"line":4,"column":0},"end":{"line":4,"column":50}},"3":{"start":{"line":7,"column":2},"end":{"line":7,"column":76}},"4":{"start":{"line":8,"column":21},"end":{"line":8,"column":47}},"5":{"start":{"line":10,"column":15},"end":{"line":13,"column":2}},"6":{"start":{"line":10,"column":53},"end":{"line":13,"column":2}},"7":{"start":{"line":11,"column":16},"end":{"line":11,"column":33}},"8":{"start":{"line":12,"column":2},"end":{"line":12,"column":18}},"9":{"start":{"line":159,"column":2},"end":{"line":159,"column":8}},"10":{"start":{"line":15,"column":16},"end":{"line":25,"column":2}},"11":{"start":{"line":15,"column":54},"end":{"line":25,"column":2}},"12":{"start":{"line":16,"column":17},"end":{"line":16,"column":27}},"13":{"start":{"line":17,"column":15},"end":{"line":17,"column":58}},"14":{"start":{"line":19,"column":2},"end":{"line":24,"column":3}},"15":{"start":{"line":20,"column":4},"end":{"line":20,"column":19}},"16":{"start":{"line":22,"column":4},"end":{"line":22,"column":20}},"17":{"start":{"line":23,"column":4},"end":{"line":23,"column":38}},"18":{"start":{"line":160,"column":2},"end":{"line":160,"column":9}},"19":{"start":{"line":27,"column":23},"end":{"line":43,"column":2}},"20":{"start":{"line":27,"column":61},"end":{"line":43,"column":2}},"21":{"start":{"line":28,"column":2},"end":{"line":28,"column":36}},"22":{"start":{"line":29,"column":18},"end":{"line":29,"column":35}},"23":{"start":{"line":30,"column":15},"end":{"line":30,"column":39}},"24":{"start":{"line":32,"column":2},"end":{"line":42,"column":3}},"25":{"start":{"line":33,"column":4},"end":{"line":38,"column":7}},"26":{"start":{"line":40,"column":4},"end":{"line":40,"column":20}},"27":{"start":{"line":41,"column":4},"end":{"line":41,"column":38}},"28":{"start":{"line":161,"column":2},"end":{"line":161,"column":16}},"29":{"start":{"line":45,"column":19},"end":{"line":55,"column":2}},"30":{"start":{"line":45,"column":57},"end":{"line":55,"column":2}},"31":{"start":{"line":46,"column":17},"end":{"line":46,"column":27}},"32":{"start":{"line":47,"column":22},"end":{"line":47,"column":54}},"33":{"start":{"line":49,"column":2},"end":{"line":54,"column":3}},"34":{"start":{"line":50,"column":4},"end":{"line":50,"column":55}},"35":{"start":{"line":52,"column":4},"end":{"line":52,"column":20}},"36":{"start":{"line":53,"column":4},"end":{"line":53,"column":38}},"37":{"start":{"line":162,"column":2},"end":{"line":162,"column":12}},"38":{"start":{"line":57,"column":17},"end":{"line":71,"column":2}},"39":{"start":{"line":57,"column":55},"end":{"line":71,"column":2}},"40":{"start":{"line":58,"column":2},"end":{"line":70,"column":3}},"41":{"start":{"line":59,"column":25},"end":{"line":59,"column":43}},"42":{"start":{"line":60,"column":20},"end":{"line":60,"column":45}},"43":{"start":{"line":62,"column":18},"end":{"line":64,"column":6}},"44":{"start":{"line":66,"column":4},"end":{"line":66,"column":60}},"45":{"start":{"line":68,"column":4},"end":{"line":68,"column":25}},"46":{"start":{"line":69,"column":4},"end":{"line":69,"column":61}},"47":{"start":{"line":163,"column":2},"end":{"line":163,"column":10}},"48":{"start":{"line":73,"column":14},"end":{"line":86,"column":2}},"49":{"start":{"line":73,"column":52},"end":{"line":86,"column":2}},"50":{"start":{"line":74,"column":30},"end":{"line":74,"column":38}},"51":{"start":{"line":76,"column":15},"end":{"line":76,"column":44}},"52":{"start":{"line":78,"column":2},"end":{"line":81,"column":3}},"53":{"start":{"line":79,"column":4},"end":{"line":79,"column":65}},"54":{"start":{"line":80,"column":4},"end":{"line":80,"column":11}},"55":{"start":{"line":83,"column":16},"end":{"line":83,"column":61}},"56":{"start":{"line":85,"column":2},"end":{"line":85,"column":54}},"57":{"start":{"line":164,"column":2},"end":{"line":164,"column":7}},"58":{"start":{"line":88,"column":20},"end":{"line":120,"column":2}},"59":{"start":{"line":88,"column":58},"end":{"line":120,"column":2}},"60":{"start":{"line":89,"column":22},"end":{"line":89,"column":30}},"61":{"start":{"line":91,"column":2},"end":{"line":119,"column":3}},"62":{"start":{"line":92,"column":19},"end":{"line":95,"column":6}},"63":{"start":{"line":97,"column":56},"end":{"line":97,"column":76}},"64":{"start":{"line":98,"column":23},"end":{"line":98,"column":69}},"65":{"start":{"line":100,"column":18},"end":{"line":102,"column":null}},"66":{"start":{"line":105,"column":4},"end":{"line":115,"column":5}},"67":{"start":{"line":106,"column":22},"end":{"line":111,"column":15}},"68":{"start":{"line":112,"column":6},"end":{"line":112,"column":65}},"69":{"start":{"line":114,"column":6},"end":{"line":114,"column":68}},"70":{"start":{"line":117,"column":4},"end":{"line":117,"column":68}},"71":{"start":{"line":118,"column":4},"end":{"line":118,"column":61}},"72":{"start":{"line":165,"column":2},"end":{"line":165,"column":13}},"73":{"start":{"line":122,"column":26},"end":{"line":150,"column":2}},"74":{"start":{"line":122,"column":64},"end":{"line":150,"column":2}},"75":{"start":{"line":123,"column":2},"end":{"line":123,"column":36}},"76":{"start":{"line":124,"column":16},"end":{"line":124,"column":24}},"77":{"start":{"line":126,"column":23},"end":{"line":126,"column":52}},"78":{"start":{"line":128,"column":2},"end":{"line":149,"column":3}},"79":{"start":{"line":129,"column":4},"end":{"line":129,"column":55}},"80":{"start":{"line":130,"column":4},"end":{"line":130,"column":58}},"81":{"start":{"line":131,"column":4},"end":{"line":131,"column":58}},"82":{"start":{"line":133,"column":4},"end":{"line":135,"column":5}},"83":{"start":{"line":134,"column":6},"end":{"line":134,"column":44}},"84":{"start":{"line":137,"column":24},"end":{"line":137,"column":49}},"85":{"start":{"line":139,"column":4},"end":{"line":145,"column":7}},"86":{"start":{"line":147,"column":4},"end":{"line":147,"column":20}},"87":{"start":{"line":148,"column":4},"end":{"line":148,"column":38}},"88":{"start":{"line":166,"column":2},"end":{"line":166,"column":19}},"89":{"start":{"line":152,"column":22},"end":{"line":156,"column":1}},"90":{"start":{"line":153,"column":2},"end":{"line":155,"column":5}}},"fnMap":{"0":{"name":"(anonymous_8)","decl":{"start":{"line":10,"column":15},"end":{"line":10,"column":22}},"loc":{"start":{"line":10,"column":53},"end":{"line":13,"column":2}}},"1":{"name":"(anonymous_9)","decl":{"start":{"line":10,"column":53},"end":{"line":10,"column":null}},"loc":{"start":{"line":10,"column":53},"end":{"line":13,"column":1}}},"2":{"name":"(anonymous_10)","decl":{"start":{"line":15,"column":16},"end":{"line":15,"column":23}},"loc":{"start":{"line":15,"column":54},"end":{"line":25,"column":2}}},"3":{"name":"(anonymous_11)","decl":{"start":{"line":15,"column":54},"end":{"line":15,"column":null}},"loc":{"start":{"line":15,"column":54},"end":{"line":25,"column":1}}},"4":{"name":"(anonymous_12)","decl":{"start":{"line":27,"column":23},"end":{"line":27,"column":30}},"loc":{"start":{"line":27,"column":61},"end":{"line":43,"column":2}}},"5":{"name":"(anonymous_13)","decl":{"start":{"line":27,"column":61},"end":{"line":27,"column":null}},"loc":{"start":{"line":27,"column":61},"end":{"line":43,"column":1}}},"6":{"name":"(anonymous_14)","decl":{"start":{"line":45,"column":19},"end":{"line":45,"column":26}},"loc":{"start":{"line":45,"column":57},"end":{"line":55,"column":2}}},"7":{"name":"(anonymous_15)","decl":{"start":{"line":45,"column":57},"end":{"line":45,"column":null}},"loc":{"start":{"line":45,"column":57},"end":{"line":55,"column":1}}},"8":{"name":"(anonymous_16)","decl":{"start":{"line":57,"column":17},"end":{"line":57,"column":24}},"loc":{"start":{"line":57,"column":55},"end":{"line":71,"column":2}}},"9":{"name":"(anonymous_17)","decl":{"start":{"line":57,"column":55},"end":{"line":57,"column":null}},"loc":{"start":{"line":57,"column":55},"end":{"line":71,"column":1}}},"10":{"name":"(anonymous_18)","decl":{"start":{"line":73,"column":14},"end":{"line":73,"column":21}},"loc":{"start":{"line":73,"column":52},"end":{"line":86,"column":2}}},"11":{"name":"(anonymous_19)","decl":{"start":{"line":73,"column":52},"end":{"line":73,"column":null}},"loc":{"start":{"line":73,"column":52},"end":{"line":86,"column":1}}},"12":{"name":"(anonymous_20)","decl":{"start":{"line":88,"column":20},"end":{"line":88,"column":27}},"loc":{"start":{"line":88,"column":58},"end":{"line":120,"column":2}}},"13":{"name":"(anonymous_21)","decl":{"start":{"line":88,"column":58},"end":{"line":88,"column":null}},"loc":{"start":{"line":88,"column":58},"end":{"line":120,"column":1}}},"14":{"name":"(anonymous_22)","decl":{"start":{"line":122,"column":26},"end":{"line":122,"column":33}},"loc":{"start":{"line":122,"column":64},"end":{"line":150,"column":2}}},"15":{"name":"(anonymous_23)","decl":{"start":{"line":122,"column":64},"end":{"line":122,"column":null}},"loc":{"start":{"line":122,"column":64},"end":{"line":150,"column":1}}},"16":{"name":"(anonymous_24)","decl":{"start":{"line":152,"column":22},"end":{"line":152,"column":23}},"loc":{"start":{"line":152,"column":34},"end":{"line":156,"column":1}}}},"branchMap":{"0":{"loc":{"start":{"line":19,"column":2},"end":{"line":24,"column":3}},"type":"if","locations":[{"start":{"line":19,"column":2},"end":{"line":24,"column":3}},{"start":{"line":21,"column":9},"end":{"line":24,"column":3}}]},"1":{"loc":{"start":{"line":32,"column":2},"end":{"line":42,"column":3}},"type":"if","locations":[{"start":{"line":32,"column":2},"end":{"line":42,"column":3}},{"start":{"line":39,"column":9},"end":{"line":42,"column":3}}]},"2":{"loc":{"start":{"line":37,"column":13},"end":{"line":37,"column":50}},"type":"binary-expr","locations":[{"start":{"line":37,"column":13},"end":{"line":37,"column":23}},{"start":{"line":37,"column":27},"end":{"line":37,"column":50}}]},"3":{"loc":{"start":{"line":49,"column":2},"end":{"line":54,"column":3}},"type":"if","locations":[{"start":{"line":49,"column":2},"end":{"line":54,"column":3}},{"start":{"line":51,"column":9},"end":{"line":54,"column":3}}]},"4":{"loc":{"start":{"line":78,"column":2},"end":{"line":81,"column":3}},"type":"if","locations":[{"start":{"line":78,"column":2},"end":{"line":81,"column":3}}]},"5":{"loc":{"start":{"line":78,"column":6},"end":{"line":78,"column":52}},"type":"binary-expr","locations":[{"start":{"line":78,"column":6},"end":{"line":78,"column":11}},{"start":{"line":78,"column":15},"end":{"line":78,"column":52}}]},"6":{"loc":{"start":{"line":105,"column":4},"end":{"line":115,"column":5}},"type":"if","locations":[{"start":{"line":105,"column":4},"end":{"line":115,"column":5}},{"start":{"line":113,"column":11},"end":{"line":115,"column":5}}]},"7":{"loc":{"start":{"line":128,"column":2},"end":{"line":149,"column":3}},"type":"if","locations":[{"start":{"line":128,"column":2},"end":{"line":149,"column":3}},{"start":{"line":146,"column":9},"end":{"line":149,"column":3}}]},"8":{"loc":{"start":{"line":129,"column":24},"end":{"line":129,"column":54}},"type":"binary-expr","locations":[{"start":{"line":129,"column":24},"end":{"line":129,"column":33}},{"start":{"line":129,"column":37},"end":{"line":129,"column":54}}]},"9":{"loc":{"start":{"line":130,"column":25},"end":{"line":130,"column":57}},"type":"binary-expr","locations":[{"start":{"line":130,"column":25},"end":{"line":130,"column":35}},{"start":{"line":130,"column":39},"end":{"line":130,"column":57}}]},"10":{"loc":{"start":{"line":131,"column":25},"end":{"line":131,"column":57}},"type":"binary-expr","locations":[{"start":{"line":131,"column":25},"end":{"line":131,"column":35}},{"start":{"line":131,"column":39},"end":{"line":131,"column":57}}]},"11":{"loc":{"start":{"line":133,"column":4},"end":{"line":135,"column":5}},"type":"if","locations":[{"start":{"line":133,"column":4},"end":{"line":135,"column":5}}]}},"s":{"0":5,"1":5,"2":5,"3":5,"4":5,"5":5,"6":1,"7":1,"8":1,"9":5,"10":5,"11":2,"12":2,"13":2,"14":1,"15":1,"16":0,"17":0,"18":5,"19":5,"20":0,"21":0,"22":0,"23":0,"24":0,"25":0,"26":0,"27":0,"28":5,"29":5,"30":1,"31":1,"32":1,"33":1,"34":1,"35":0,"36":0,"37":5,"38":5,"39":3,"40":3,"41":3,"42":3,"43":3,"44":3,"45":0,"46":0,"47":5,"48":5,"49":3,"50":3,"51":3,"52":3,"53":0,"54":0,"55":3,"56":3,"57":5,"58":5,"59":0,"60":0,"61":0,"62":0,"63":0,"64":0,"65":0,"66":0,"67":0,"68":0,"69":0,"70":0,"71":0,"72":5,"73":5,"74":1,"75":1,"76":1,"77":1,"78":1,"79":0,"80":0,"81":0,"82":0,"83":0,"84":0,"85":0,"86":1,"87":1,"88":5,"89":5,"90":0},"f":{"0":1,"1":1,"2":2,"3":2,"4":0,"5":0,"6":1,"7":1,"8":3,"9":3,"10":3,"11":3,"12":0,"13":0,"14":1,"15":1,"16":0},"b":{"0":[1,0],"1":[0,0],"2":[0,0],"3":[1,0],"4":[0],"5":[3,3],"6":[0,0],"7":[0,1],"8":[0,0],"9":[0,0],"10":[0,0],"11":[0]}}
,"/Users/idanabel/מסמכים/Work/jelly_world/server/src/controllers/candyController.ts": {"path":"/Users/idanabel/מסמכים/Work/jelly_world/server/src/controllers/candyController.ts","statementMap":{"0":{"start":{"line":2,"column":0},"end":{"line":2,"column":41}},"1":{"start":{"line":3,"column":0},"end":{"line":3,"column":74}},"2":{"start":{"line":4,"column":0},"end":{"line":4,"column":60}},"3":{"start":{"line":5,"column":0},"end":{"line":5,"column":32}},"4":{"start":{"line":7,"column":26},"end":{"line":14,"column":null}},"5":{"start":{"line":8,"column":46},"end":{"line":14,"column":null}},"6":{"start":{"line":9,"column":26},"end":{"line":10,"column":null}},"7":{"start":{"line":12,"column":20},"end":{"line":12,"column":41}},"8":{"start":{"line":13,"column":4},"end":{"line":13,"column":28}},"9":{"start":{"line":249,"column":2},"end":{"line":249,"column":19}},"10":{"start":{"line":17,"column":19},"end":{"line":43,"column":null}},"11":{"start":{"line":18,"column":46},"end":{"line":43,"column":null}},"12":{"start":{"line":19,"column":20},"end":{"line":26,"column":10}},"13":{"start":{"line":28,"column":19},"end":{"line":34,"column":10}},"14":{"start":{"line":36,"column":18},"end":{"line":38,"column":null}},"15":{"start":{"line":41,"column":20},"end":{"line":41,"column":63}},"16":{"start":{"line":42,"column":4},"end":{"line":42,"column":33}},"17":{"start":{"line":243,"column":2},"end":{"line":243,"column":12}},"18":{"start":{"line":46,"column":21},"end":{"line":67,"column":null}},"19":{"start":{"line":47,"column":46},"end":{"line":67,"column":null}},"20":{"start":{"line":48,"column":18},"end":{"line":54,"column":6}},"21":{"start":{"line":56,"column":4},"end":{"line":66,"column":5}},"22":{"start":{"line":57,"column":6},"end":{"line":61,"column":8}},"23":{"start":{"line":59,"column":10},"end":{"line":60,"column":47}},"24":{"start":{"line":62,"column":6},"end":{"line":62,"column":22}},"25":{"start":{"line":64,"column":6},"end":{"line":64,"column":22}},"26":{"start":{"line":65,"column":6},"end":{"line":65,"column":41}},"27":{"start":{"line":244,"column":2},"end":{"line":244,"column":14}},"28":{"start":{"line":70,"column":20},"end":{"line":81,"column":null}},"29":{"start":{"line":71,"column":46},"end":{"line":81,"column":null}},"30":{"start":{"line":72,"column":18},"end":{"line":72,"column":53}},"31":{"start":{"line":74,"column":4},"end":{"line":80,"column":5}},"32":{"start":{"line":75,"column":6},"end":{"line":75,"column":30}},"33":{"start":{"line":76,"column":6},"end":{"line":76,"column":45}},"34":{"start":{"line":78,"column":6},"end":{"line":78,"column":22}},"35":{"start":{"line":79,"column":6},"end":{"line":79,"column":41}},"36":{"start":{"line":245,"column":2},"end":{"line":245,"column":13}},"37":{"start":{"line":84,"column":20},"end":{"line":92,"column":null}},"38":{"start":{"line":85,"column":46},"end":{"line":92,"column":null}},"39":{"start":{"line":86,"column":27},"end":{"line":86,"column":30}},"40":{"start":{"line":88,"column":18},"end":{"line":88,"column":62}},"41":{"start":{"line":89,"column":25},"end":{"line":89,"column":43}},"42":{"start":{"line":91,"column":4},"end":{"line":91,"column":39}},"43":{"start":{"line":246,"column":2},"end":{"line":246,"column":13}},"44":{"start":{"line":95,"column":20},"end":{"line":132,"column":null}},"45":{"start":{"line":96,"column":46},"end":{"line":132,"column":null}},"46":{"start":{"line":109,"column":8},"end":{"line":109,"column":11}},"47":{"start":{"line":111,"column":18},"end":{"line":123,"column":null}},"48":{"start":{"line":126,"column":4},"end":{"line":131,"column":5}},"49":{"start":{"line":127,"column":6},"end":{"line":127,"column":22}},"50":{"start":{"line":129,"column":6},"end":{"line":129,"column":22}},"51":{"start":{"line":130,"column":6},"end":{"line":130,"column":41}},"52":{"start":{"line":247,"column":2},"end":{"line":247,"column":13}},"53":{"start":{"line":135,"column":26},"end":{"line":165,"column":null}},"54":{"start":{"line":136,"column":46},"end":{"line":165,"column":null}},"55":{"start":{"line":139,"column":8},"end":{"line":139,"column":11}},"56":{"start":{"line":141,"column":18},"end":{"line":141,"column":53}},"57":{"start":{"line":143,"column":4},"end":{"line":164,"column":5}},"58":{"start":{"line":144,"column":27},"end":{"line":149,"column":8}},"59":{"start":{"line":151,"column":6},"end":{"line":151,"column":39}},"60":{"start":{"line":152,"column":6},"end":{"line":152,"column":49}},"61":{"start":{"line":153,"column":6},"end":{"line":157,"column":33}},"62":{"start":{"line":155,"column":41},"end":{"line":155,"column":58}},"63":{"start":{"line":159,"column":27},"end":{"line":159,"column":45}},"64":{"start":{"line":160,"column":6},"end":{"line":160,"column":29}},"65":{"start":{"line":162,"column":6},"end":{"line":162,"column":22}},"66":{"start":{"line":163,"column":6},"end":{"line":163,"column":41}},"67":{"start":{"line":248,"column":2},"end":{"line":248,"column":19}},"68":{"start":{"line":168,"column":22},"end":{"line":172,"column":null}},"69":{"start":{"line":169,"column":46},"end":{"line":172,"column":null}},"70":{"start":{"line":170,"column":20},"end":{"line":170,"column":70}},"71":{"start":{"line":171,"column":4},"end":{"line":171,"column":22}},"72":{"start":{"line":250,"column":2},"end":{"line":250,"column":15}},"73":{"start":{"line":174,"column":18},"end":{"line":206,"column":2}},"74":{"start":{"line":174,"column":81},"end":{"line":206,"column":2}},"75":{"start":{"line":175,"column":19},"end":{"line":175,"column":29}},"76":{"start":{"line":176,"column":23},"end":{"line":176,"column":31}},"77":{"start":{"line":177,"column":4},"end":{"line":177,"column":34}},"78":{"start":{"line":179,"column":4},"end":{"line":182,"column":5}},"79":{"start":{"line":180,"column":8},"end":{"line":180,"column":24}},"80":{"start":{"line":181,"column":8},"end":{"line":181,"column":50}},"81":{"start":{"line":184,"column":4},"end":{"line":187,"column":5}},"82":{"start":{"line":185,"column":8},"end":{"line":185,"column":24}},"83":{"start":{"line":186,"column":8},"end":{"line":186,"column":43}},"84":{"start":{"line":189,"column":18},"end":{"line":189,"column":42}},"85":{"start":{"line":190,"column":4},"end":{"line":193,"column":5}},"86":{"start":{"line":191,"column":8},"end":{"line":191,"column":24}},"87":{"start":{"line":192,"column":8},"end":{"line":192,"column":43}},"88":{"start":{"line":195,"column":27},"end":{"line":195,"column":62}},"89":{"start":{"line":197,"column":4},"end":{"line":200,"column":5}},"90":{"start":{"line":198,"column":8},"end":{"line":198,"column":24}},"91":{"start":{"line":199,"column":8},"end":{"line":199,"column":57}},"92":{"start":{"line":202,"column":4},"end":{"line":202,"column":37}},"93":{"start":{"line":203,"column":4},"end":{"line":203,"column":23}},"94":{"start":{"line":205,"column":4},"end":{"line":205,"column":73}},"95":{"start":{"line":251,"column":2},"end":{"line":251,"column":11}},"96":{"start":{"line":208,"column":20},"end":{"line":240,"column":2}},"97":{"start":{"line":208,"column":83},"end":{"line":240,"column":2}},"98":{"start":{"line":209,"column":19},"end":{"line":209,"column":29}},"99":{"start":{"line":210,"column":23},"end":{"line":210,"column":31}},"100":{"start":{"line":211,"column":4},"end":{"line":211,"column":34}},"101":{"start":{"line":213,"column":4},"end":{"line":216,"column":5}},"102":{"start":{"line":214,"column":8},"end":{"line":214,"column":24}},"103":{"start":{"line":215,"column":8},"end":{"line":215,"column":50}},"104":{"start":{"line":218,"column":4},"end":{"line":221,"column":5}},"105":{"start":{"line":219,"column":8},"end":{"line":219,"column":24}},"106":{"start":{"line":220,"column":8},"end":{"line":220,"column":43}},"107":{"start":{"line":223,"column":18},"end":{"line":223,"column":42}},"108":{"start":{"line":224,"column":4},"end":{"line":227,"column":5}},"109":{"start":{"line":225,"column":8},"end":{"line":225,"column":24}},"110":{"start":{"line":226,"column":8},"end":{"line":226,"column":43}},"111":{"start":{"line":229,"column":27},"end":{"line":229,"column":62}},"112":{"start":{"line":231,"column":4},"end":{"line":234,"column":5}},"113":{"start":{"line":232,"column":8},"end":{"line":232,"column":24}},"114":{"start":{"line":233,"column":8},"end":{"line":233,"column":56}},"115":{"start":{"line":236,"column":4},"end":{"line":236,"column":94}},"116":{"start":{"line":236,"column":47},"end":{"line":236,"column":92}},"117":{"start":{"line":237,"column":4},"end":{"line":237,"column":23}},"118":{"start":{"line":239,"column":4},"end":{"line":239,"column":75}},"119":{"start":{"line":252,"column":2},"end":{"line":252,"column":13}}},"fnMap":{"0":{"name":"(anonymous_8)","decl":{"start":{"line":8,"column":2},"end":{"line":8,"column":9}},"loc":{"start":{"line":8,"column":46},"end":{"line":14,"column":null}}},"1":{"name":"(anonymous_9)","decl":{"start":{"line":8,"column":46},"end":{"line":8,"column":null}},"loc":{"start":{"line":8,"column":46},"end":{"line":14,"column":3}}},"2":{"name":"(anonymous_10)","decl":{"start":{"line":18,"column":2},"end":{"line":18,"column":9}},"loc":{"start":{"line":18,"column":46},"end":{"line":43,"column":null}}},"3":{"name":"(anonymous_11)","decl":{"start":{"line":18,"column":46},"end":{"line":18,"column":null}},"loc":{"start":{"line":18,"column":46},"end":{"line":43,"column":3}}},"4":{"name":"(anonymous_12)","decl":{"start":{"line":47,"column":2},"end":{"line":47,"column":9}},"loc":{"start":{"line":47,"column":46},"end":{"line":67,"column":null}}},"5":{"name":"(anonymous_13)","decl":{"start":{"line":47,"column":46},"end":{"line":47,"column":null}},"loc":{"start":{"line":47,"column":46},"end":{"line":67,"column":3}}},"6":{"name":"(anonymous_14)","decl":{"start":{"line":58,"column":8},"end":{"line":58,"column":9}},"loc":{"start":{"line":59,"column":10},"end":{"line":60,"column":47}}},"7":{"name":"(anonymous_15)","decl":{"start":{"line":71,"column":2},"end":{"line":71,"column":9}},"loc":{"start":{"line":71,"column":46},"end":{"line":81,"column":null}}},"8":{"name":"(anonymous_16)","decl":{"start":{"line":71,"column":46},"end":{"line":71,"column":null}},"loc":{"start":{"line":71,"column":46},"end":{"line":81,"column":3}}},"9":{"name":"(anonymous_17)","decl":{"start":{"line":85,"column":2},"end":{"line":85,"column":9}},"loc":{"start":{"line":85,"column":46},"end":{"line":92,"column":null}}},"10":{"name":"(anonymous_18)","decl":{"start":{"line":85,"column":46},"end":{"line":85,"column":null}},"loc":{"start":{"line":85,"column":46},"end":{"line":92,"column":3}}},"11":{"name":"(anonymous_19)","decl":{"start":{"line":96,"column":2},"end":{"line":96,"column":9}},"loc":{"start":{"line":96,"column":46},"end":{"line":132,"column":null}}},"12":{"name":"(anonymous_20)","decl":{"start":{"line":96,"column":46},"end":{"line":96,"column":null}},"loc":{"start":{"line":96,"column":46},"end":{"line":132,"column":3}}},"13":{"name":"(anonymous_21)","decl":{"start":{"line":136,"column":2},"end":{"line":136,"column":9}},"loc":{"start":{"line":136,"column":46},"end":{"line":165,"column":null}}},"14":{"name":"(anonymous_22)","decl":{"start":{"line":136,"column":46},"end":{"line":136,"column":null}},"loc":{"start":{"line":136,"column":46},"end":{"line":165,"column":3}}},"15":{"name":"(anonymous_23)","decl":{"start":{"line":155,"column":10},"end":{"line":155,"column":11}},"loc":{"start":{"line":155,"column":41},"end":{"line":155,"column":58}}},"16":{"name":"(anonymous_24)","decl":{"start":{"line":169,"column":2},"end":{"line":169,"column":9}},"loc":{"start":{"line":169,"column":46},"end":{"line":172,"column":null}}},"17":{"name":"(anonymous_25)","decl":{"start":{"line":169,"column":46},"end":{"line":169,"column":null}},"loc":{"start":{"line":169,"column":46},"end":{"line":172,"column":3}}},"18":{"name":"(anonymous_26)","decl":{"start":{"line":174,"column":37},"end":{"line":174,"column":44}},"loc":{"start":{"line":174,"column":81},"end":{"line":206,"column":2}}},"19":{"name":"(anonymous_27)","decl":{"start":{"line":174,"column":81},"end":{"line":174,"column":null}},"loc":{"start":{"line":174,"column":81},"end":{"line":206,"column":1}}},"20":{"name":"(anonymous_28)","decl":{"start":{"line":208,"column":39},"end":{"line":208,"column":46}},"loc":{"start":{"line":208,"column":83},"end":{"line":240,"column":2}}},"21":{"name":"(anonymous_29)","decl":{"start":{"line":208,"column":83},"end":{"line":208,"column":null}},"loc":{"start":{"line":208,"column":83},"end":{"line":240,"column":1}}},"22":{"name":"(anonymous_30)","decl":{"start":{"line":236,"column":37},"end":{"line":236,"column":38}},"loc":{"start":{"line":236,"column":47},"end":{"line":236,"column":92}}}},"branchMap":{"0":{"loc":{"start":{"line":19,"column":20},"end":{"line":26,"column":10}},"type":"cond-expr","locations":[{"start":{"line":20,"column":8},"end":{"line":25,"column":null}},{"start":{"line":26,"column":8},"end":{"line":26,"column":10}}]},"1":{"loc":{"start":{"line":28,"column":19},"end":{"line":34,"column":10}},"type":"cond-expr","locations":[{"start":{"line":29,"column":8},"end":{"line":33,"column":null}},{"start":{"line":34,"column":8},"end":{"line":34,"column":10}}]},"2":{"loc":{"start":{"line":56,"column":4},"end":{"line":66,"column":5}},"type":"if","locations":[{"start":{"line":56,"column":4},"end":{"line":66,"column":5}},{"start":{"line":63,"column":11},"end":{"line":66,"column":5}}]},"3":{"loc":{"start":{"line":74,"column":4},"end":{"line":80,"column":5}},"type":"if","locations":[{"start":{"line":74,"column":4},"end":{"line":80,"column":5}},{"start":{"line":77,"column":11},"end":{"line":80,"column":5}}]},"4":{"loc":{"start":{"line":88,"column":50},"end":{"line":88,"column":59}},"type":"cond-expr","locations":[{"start":{"line":88,"column":54},"end":{"line":88,"column":56}},{"start":{"line":88,"column":50},"end":{"line":88,"column":59}}]},"5":{"loc":{"start":{"line":88,"column":50},"end":{"line":88,"column":56}},"type":"binary-expr","locations":[{"start":{"line":88,"column":50},"end":{"line":88,"column":56}},{"start":{"line":88,"column":50},"end":{"line":88,"column":56}}]},"6":{"loc":{"start":{"line":126,"column":4},"end":{"line":131,"column":5}},"type":"if","locations":[{"start":{"line":126,"column":4},"end":{"line":131,"column":5}},{"start":{"line":128,"column":11},"end":{"line":131,"column":5}}]},"7":{"loc":{"start":{"line":143,"column":4},"end":{"line":164,"column":5}},"type":"if","locations":[{"start":{"line":143,"column":4},"end":{"line":164,"column":5}},{"start":{"line":161,"column":11},"end":{"line":164,"column":5}}]},"8":{"loc":{"start":{"line":179,"column":4},"end":{"line":182,"column":5}},"type":"if","locations":[{"start":{"line":179,"column":4},"end":{"line":182,"column":5}}]},"9":{"loc":{"start":{"line":184,"column":4},"end":{"line":187,"column":5}},"type":"if","locations":[{"start":{"line":184,"column":4},"end":{"line":187,"column":5}}]},"10":{"loc":{"start":{"line":190,"column":4},"end":{"line":193,"column":5}},"type":"if","locations":[{"start":{"line":190,"column":4},"end":{"line":193,"column":5}}]},"11":{"loc":{"start":{"line":197,"column":4},"end":{"line":200,"column":5}},"type":"if","locations":[{"start":{"line":197,"column":4},"end":{"line":200,"column":5}}]},"12":{"loc":{"start":{"line":213,"column":4},"end":{"line":216,"column":5}},"type":"if","locations":[{"start":{"line":213,"column":4},"end":{"line":216,"column":5}}]},"13":{"loc":{"start":{"line":218,"column":4},"end":{"line":221,"column":5}},"type":"if","locations":[{"start":{"line":218,"column":4},"end":{"line":221,"column":5}}]},"14":{"loc":{"start":{"line":224,"column":4},"end":{"line":227,"column":5}},"type":"if","locations":[{"start":{"line":224,"column":4},"end":{"line":227,"column":5}}]},"15":{"loc":{"start":{"line":231,"column":4},"end":{"line":234,"column":5}},"type":"if","locations":[{"start":{"line":231,"column":4},"end":{"line":234,"column":5}}]}},"s":{"0":5,"1":5,"2":5,"3":5,"4":5,"5":1,"6":1,"7":0,"8":0,"9":5,"10":5,"11":1,"12":1,"13":1,"14":1,"15":1,"16":1,"17":5,"18":5,"19":1,"20":1,"21":0,"22":0,"23":0,"24":0,"25":0,"26":0,"27":5,"28":5,"29":1,"30":1,"31":1,"32":1,"33":1,"34":0,"35":0,"36":5,"37":5,"38":1,"39":1,"40":1,"41":1,"42":1,"43":5,"44":5,"45":1,"46":1,"47":1,"48":1,"49":1,"50":0,"51":0,"52":5,"53":5,"54":1,"55":1,"56":1,"57":1,"58":1,"59":1,"60":1,"61":1,"62":1,"63":1,"64":1,"65":0,"66":0,"67":5,"68":5,"69":1,"70":1,"71":1,"72":5,"73":5,"74":1,"75":1,"76":1,"77":1,"78":1,"79":0,"80":0,"81":1,"82":0,"83":0,"84":1,"85":1,"86":0,"87":0,"88":1,"89":1,"90":0,"91":0,"92":1,"93":1,"94":1,"95":5,"96":5,"97":1,"98":1,"99":1,"100":1,"101":1,"102":0,"103":0,"104":1,"105":0,"106":0,"107":1,"108":1,"109":0,"110":0,"111":1,"112":1,"113":0,"114":0,"115":1,"116":1,"117":1,"118":1,"119":5},"f":{"0":1,"1":1,"2":1,"3":1,"4":1,"5":1,"6":0,"7":1,"8":1,"9":1,"10":1,"11":1,"12":1,"13":1,"14":1,"15":1,"16":1,"17":1,"18":1,"19":1,"20":1,"21":1,"22":1},"b":{"0":[0,1],"1":[0,1],"2":[0,0],"3":[1,0],"4":[0,1],"5":[1,1],"6":[1,0],"7":[1,0],"8":[0],"9":[0],"10":[0],"11":[0],"12":[0],"13":[0],"14":[0],"15":[0]}}
,"/Users/idanabel/מסמכים/Work/jelly_world/server/src/controllers/chatBotController.ts": {"path":"/Users/idanabel/מסמכים/Work/jelly_world/server/src/controllers/chatBotController.ts","statementMap":{"0":{"start":{"line":1,"column":0},"end":{"line":1,"column":59}},"1":{"start":{"line":2,"column":0},"end":{"line":2,"column":49}},"2":{"start":{"line":4,"column":14},"end":{"line":4,"column":73}},"3":{"start":{"line":5,"column":14},"end":{"line":5,"column":63}},"4":{"start":{"line":7,"column":13},"end":{"line":30,"column":3}},"5":{"start":{"line":7,"column":66},"end":{"line":30,"column":2}},"6":{"start":{"line":8,"column":32},"end":{"line":8,"column":40}},"7":{"start":{"line":10,"column":4},"end":{"line":29,"column":5}},"8":{"start":{"line":11,"column":27},"end":{"line":13,"column":141}},"9":{"start":{"line":15,"column":23},"end":{"line":15,"column":62}},"10":{"start":{"line":16,"column":27},"end":{"line":16,"column":49}},"11":{"start":{"line":18,"column":23},"end":{"line":18,"column":64}},"12":{"start":{"line":20,"column":35},"end":{"line":23,"column":24}},"13":{"start":{"line":21,"column":31},"end":{"line":21,"column":46}},"14":{"start":{"line":22,"column":28},"end":{"line":22,"column":45}},"15":{"start":{"line":25,"column":8},"end":{"line":25,"column":70}},"16":{"start":{"line":27,"column":8},"end":{"line":27,"column":39}},"17":{"start":{"line":28,"column":8},"end":{"line":28,"column":78}},"18":{"start":{"line":33,"column":29},"end":{"line":33,"column":31}},"19":{"start":{"line":34,"column":19},"end":{"line":34,"column":21}},"20":{"start":{"line":36,"column":4},"end":{"line":56,"column":5}},"21":{"start":{"line":37,"column":20},"end":{"line":37,"column":21}},"22":{"start":{"line":39,"column":8},"end":{"line":39,"column":62}},"23":{"start":{"line":39,"column":51},"end":{"line":39,"column":62}},"24":{"start":{"line":40,"column":8},"end":{"line":40,"column":72}},"25":{"start":{"line":40,"column":61},"end":{"line":40,"column":72}},"26":{"start":{"line":41,"column":8},"end":{"line":41,"column":63}},"27":{"start":{"line":41,"column":52},"end":{"line":41,"column":63}},"28":{"start":{"line":43,"column":8},"end":{"line":43,"column":52}},"29":{"start":{"line":43,"column":30},"end":{"line":43,"column":52}},"30":{"start":{"line":44,"column":8},"end":{"line":44,"column":49}},"31":{"start":{"line":44,"column":38},"end":{"line":44,"column":49}},"32":{"start":{"line":46,"column":8},"end":{"line":46,"column":79}},"33":{"start":{"line":46,"column":68},"end":{"line":46,"column":79}},"34":{"start":{"line":47,"column":8},"end":{"line":47,"column":77}},"35":{"start":{"line":47,"column":66},"end":{"line":47,"column":77}},"36":{"start":{"line":48,"column":8},"end":{"line":48,"column":70}},"37":{"start":{"line":48,"column":59},"end":{"line":48,"column":70}},"38":{"start":{"line":49,"column":8},"end":{"line":49,"column":74}},"39":{"start":{"line":49,"column":63},"end":{"line":49,"column":74}},"40":{"start":{"line":51,"column":32},"end":{"line":51,"column":63}},"41":{"start":{"line":53,"column":8},"end":{"line":53,"column":82}},"42":{"start":{"line":55,"column":8},"end":{"line":55,"column":107}},"43":{"start":{"line":58,"column":4},"end":{"line":58,"column":18}}},"fnMap":{"0":{"name":"(anonymous_8)","decl":{"start":{"line":7,"column":47},"end":{"line":7,"column":54}},"loc":{"start":{"line":7,"column":66},"end":{"line":30,"column":2}}},"1":{"name":"(anonymous_9)","decl":{"start":{"line":7,"column":66},"end":{"line":7,"column":null}},"loc":{"start":{"line":7,"column":66},"end":{"line":30,"column":1}}},"2":{"name":"(anonymous_10)","decl":{"start":{"line":21,"column":20},"end":{"line":21,"column":21}},"loc":{"start":{"line":21,"column":31},"end":{"line":21,"column":46}}},"3":{"name":"(anonymous_11)","decl":{"start":{"line":22,"column":18},"end":{"line":22,"column":19}},"loc":{"start":{"line":22,"column":28},"end":{"line":22,"column":45}}},"4":{"name":"calculateCandyScores","decl":{"start":{"line":32,"column":9},"end":{"line":32,"column":29}},"loc":{"start":{"line":32,"column":64},"end":{"line":59,"column":1}}}},"branchMap":{"0":{"loc":{"start":{"line":4,"column":37},"end":{"line":4,"column":72}},"type":"binary-expr","locations":[{"start":{"line":4,"column":37},"end":{"line":4,"column":66}},{"start":{"line":4,"column":70},"end":{"line":4,"column":72}}]},"1":{"loc":{"start":{"line":39,"column":8},"end":{"line":39,"column":62}},"type":"if","locations":[{"start":{"line":39,"column":8},"end":{"line":39,"column":62}}]},"2":{"loc":{"start":{"line":40,"column":8},"end":{"line":40,"column":72}},"type":"if","locations":[{"start":{"line":40,"column":8},"end":{"line":40,"column":72}}]},"3":{"loc":{"start":{"line":41,"column":8},"end":{"line":41,"column":63}},"type":"if","locations":[{"start":{"line":41,"column":8},"end":{"line":41,"column":63}}]},"4":{"loc":{"start":{"line":43,"column":8},"end":{"line":43,"column":52}},"type":"if","locations":[{"start":{"line":43,"column":8},"end":{"line":43,"column":52}}]},"5":{"loc":{"start":{"line":44,"column":8},"end":{"line":44,"column":49}},"type":"if","locations":[{"start":{"line":44,"column":8},"end":{"line":44,"column":49}}]},"6":{"loc":{"start":{"line":46,"column":8},"end":{"line":46,"column":79}},"type":"if","locations":[{"start":{"line":46,"column":8},"end":{"line":46,"column":79}}]},"7":{"loc":{"start":{"line":46,"column":12},"end":{"line":46,"column":66}},"type":"binary-expr","locations":[{"start":{"line":46,"column":12},"end":{"line":46,"column":46}},{"start":{"line":46,"column":50},"end":{"line":46,"column":66}}]},"8":{"loc":{"start":{"line":47,"column":8},"end":{"line":47,"column":77}},"type":"if","locations":[{"start":{"line":47,"column":8},"end":{"line":47,"column":77}}]},"9":{"loc":{"start":{"line":47,"column":12},"end":{"line":47,"column":64}},"type":"binary-expr","locations":[{"start":{"line":47,"column":12},"end":{"line":47,"column":45}},{"start":{"line":47,"column":49},"end":{"line":47,"column":64}}]},"10":{"loc":{"start":{"line":48,"column":8},"end":{"line":48,"column":70}},"type":"if","locations":[{"start":{"line":48,"column":8},"end":{"line":48,"column":70}}]},"11":{"loc":{"start":{"line":48,"column":12},"end":{"line":48,"column":57}},"type":"binary-expr","locations":[{"start":{"line":48,"column":12},"end":{"line":48,"column":41}},{"start":{"line":48,"column":45},"end":{"line":48,"column":57}}]},"12":{"loc":{"start":{"line":49,"column":8},"end":{"line":49,"column":74}},"type":"if","locations":[{"start":{"line":49,"column":8},"end":{"line":49,"column":74}}]},"13":{"loc":{"start":{"line":49,"column":12},"end":{"line":49,"column":61}},"type":"binary-expr","locations":[{"start":{"line":49,"column":12},"end":{"line":49,"column":43}},{"start":{"line":49,"column":47},"end":{"line":49,"column":61}}]}},"s":{"0":5,"1":5,"2":5,"3":5,"4":5,"5":1,"6":1,"7":1,"8":1,"9":1,"10":1,"11":1,"12":1,"13":2,"14":1,"15":1,"16":0,"17":0,"18":1,"19":1,"20":1,"21":2,"22":2,"23":2,"24":2,"25":2,"26":2,"27":0,"28":2,"29":2,"30":2,"31":2,"32":2,"33":0,"34":2,"35":0,"36":2,"37":0,"38":2,"39":0,"40":2,"41":2,"42":2,"43":1},"f":{"0":1,"1":1,"2":2,"3":1,"4":1},"b":{"0":[5,0],"1":[2],"2":[2],"3":[0],"4":[2],"5":[2],"6":[0],"7":[2,0],"8":[0],"9":[2,0],"10":[0],"11":[2,0],"12":[0],"13":[2,0]}}
,"/Users/idanabel/מסמכים/Work/jelly_world/server/src/controllers/messageController.ts": {"path":"/Users/idanabel/מסמכים/Work/jelly_world/server/src/controllers/messageController.ts","statementMap":{"0":{"start":{"line":2,"column":0},"end":{"line":2,"column":49}},"1":{"start":{"line":3,"column":0},"end":{"line":3,"column":59}},"2":{"start":{"line":5,"column":20},"end":{"line":8,"column":2}},"3":{"start":{"line":5,"column":71},"end":{"line":8,"column":2}},"4":{"start":{"line":6,"column":19},"end":{"line":6,"column":41}},"5":{"start":{"line":7,"column":2},"end":{"line":7,"column":25}},"6":{"start":{"line":24,"column":9},"end":{"line":24,"column":20}},"7":{"start":{"line":10,"column":22},"end":{"line":22,"column":2}},"8":{"start":{"line":14,"column":24},"end":{"line":22,"column":2}},"9":{"start":{"line":15,"column":21},"end":{"line":19,"column":4}},"10":{"start":{"line":21,"column":2},"end":{"line":21,"column":33}},"11":{"start":{"line":24,"column":22},"end":{"line":24,"column":35}}},"fnMap":{"0":{"name":"(anonymous_8)","decl":{"start":{"line":5,"column":33},"end":{"line":5,"column":40}},"loc":{"start":{"line":5,"column":71},"end":{"line":8,"column":2}}},"1":{"name":"(anonymous_9)","decl":{"start":{"line":5,"column":71},"end":{"line":5,"column":null}},"loc":{"start":{"line":5,"column":71},"end":{"line":8,"column":1}}},"2":{"name":"(anonymous_10)","decl":{"start":{"line":10,"column":22},"end":{"line":10,"column":29}},"loc":{"start":{"line":14,"column":24},"end":{"line":22,"column":2}}},"3":{"name":"(anonymous_11)","decl":{"start":{"line":14,"column":24},"end":{"line":14,"column":null}},"loc":{"start":{"line":14,"column":24},"end":{"line":22,"column":1}}}},"branchMap":{},"s":{"0":5,"1":5,"2":5,"3":2,"4":2,"5":2,"6":5,"7":5,"8":0,"9":0,"10":0,"11":5},"f":{"0":2,"1":2,"2":0,"3":0},"b":{}}
,"/Users/idanabel/מסמכים/Work/jelly_world/server/src/controllers/uploadController.ts": {"path":"/Users/idanabel/מסמכים/Work/jelly_world/server/src/controllers/uploadController.ts","statementMap":{"0":{"start":{"line":2,"column":0},"end":{"line":2,"column":59}},"1":{"start":{"line":4,"column":20},"end":{"line":17,"column":2}},"2":{"start":{"line":4,"column":73},"end":{"line":17,"column":2}},"3":{"start":{"line":5,"column":2},"end":{"line":16,"column":3}},"4":{"start":{"line":6,"column":25},"end":{"line":6,"column":33}},"5":{"start":{"line":7,"column":4},"end":{"line":9,"column":5}},"6":{"start":{"line":8,"column":6},"end":{"line":8,"column":61}},"7":{"start":{"line":10,"column":4},"end":{"line":10,"column":49}},"8":{"start":{"line":11,"column":21},"end":{"line":11,"column":38}},"9":{"start":{"line":13,"column":4},"end":{"line":13,"column":35}},"10":{"start":{"line":15,"column":4},"end":{"line":15,"column":23}},"11":{"start":{"line":19,"column":9},"end":{"line":19,"column":20}}},"fnMap":{"0":{"name":"(anonymous_7)","decl":{"start":{"line":4,"column":39},"end":{"line":4,"column":46}},"loc":{"start":{"line":4,"column":73},"end":{"line":17,"column":2}}},"1":{"name":"(anonymous_8)","decl":{"start":{"line":4,"column":73},"end":{"line":4,"column":null}},"loc":{"start":{"line":4,"column":73},"end":{"line":17,"column":1}}}},"branchMap":{"0":{"loc":{"start":{"line":7,"column":4},"end":{"line":9,"column":5}},"type":"if","locations":[{"start":{"line":7,"column":4},"end":{"line":9,"column":5}}]}},"s":{"0":5,"1":5,"2":1,"3":1,"4":1,"5":1,"6":1,"7":1,"8":1,"9":0,"10":1,"11":5},"f":{"0":1,"1":1},"b":{"0":[1]}}
,"/Users/idanabel/מסמכים/Work/jelly_world/server/src/middlewares/authMiddleware.ts": {"path":"/Users/idanabel/מסמכים/Work/jelly_world/server/src/middlewares/authMiddleware.ts","statementMap":{"0":{"start":{"line":1,"column":0},"end":{"line":1,"column":47}},"1":{"start":{"line":2,"column":0},"end":{"line":2,"column":49}},"2":{"start":{"line":4,"column":0},"end":{"line":4,"column":39}},"3":{"start":{"line":7,"column":13},"end":{"line":34,"column":2}},"4":{"start":{"line":8,"column":66},"end":{"line":33,"column":null}},"5":{"start":{"line":9,"column":4},"end":{"line":32,"column":5}},"6":{"start":{"line":13,"column":6},"end":{"line":28,"column":7}},"7":{"start":{"line":14,"column":22},"end":{"line":14,"column":61}},"8":{"start":{"line":15,"column":29},"end":{"line":15,"column":73}},"9":{"start":{"line":17,"column":8},"end":{"line":21,"column":9}},"10":{"start":{"line":18,"column":10},"end":{"line":18,"column":80}},"11":{"start":{"line":20,"column":10},"end":{"line":20,"column":89}},"12":{"start":{"line":23,"column":8},"end":{"line":23,"column":15}},"13":{"start":{"line":25,"column":8},"end":{"line":25,"column":29}},"14":{"start":{"line":26,"column":8},"end":{"line":26,"column":24}},"15":{"start":{"line":27,"column":8},"end":{"line":27,"column":58}},"16":{"start":{"line":30,"column":6},"end":{"line":30,"column":22}},"17":{"start":{"line":31,"column":6},"end":{"line":31,"column":57}}},"fnMap":{"0":{"name":"(anonymous_8)","decl":{"start":{"line":8,"column":2},"end":{"line":8,"column":9}},"loc":{"start":{"line":8,"column":66},"end":{"line":33,"column":null}}},"1":{"name":"(anonymous_9)","decl":{"start":{"line":8,"column":66},"end":{"line":8,"column":null}},"loc":{"start":{"line":8,"column":66},"end":{"line":33,"column":3}}}},"branchMap":{"0":{"loc":{"start":{"line":9,"column":4},"end":{"line":32,"column":5}},"type":"if","locations":[{"start":{"line":9,"column":4},"end":{"line":32,"column":5}},{"start":{"line":29,"column":11},"end":{"line":32,"column":5}}]},"1":{"loc":{"start":{"line":10,"column":6},"end":{"line":11,"column":52}},"type":"binary-expr","locations":[{"start":{"line":10,"column":6},"end":{"line":10,"column":31}},{"start":{"line":11,"column":6},"end":{"line":11,"column":52}}]},"2":{"loc":{"start":{"line":17,"column":8},"end":{"line":21,"column":9}},"type":"if","locations":[{"start":{"line":17,"column":8},"end":{"line":21,"column":9}},{"start":{"line":19,"column":15},"end":{"line":21,"column":9}}]},"3":{"loc":{"start":{"line":18,"column":41},"end":{"line":18,"column":58}},"type":"cond-expr","locations":[{"start":{"line":18,"column":53},"end":{"line":18,"column":55}},{"start":{"line":18,"column":53},"end":{"line":18,"column":58}}]},"4":{"loc":{"start":{"line":18,"column":41},"end":{"line":18,"column":55}},"type":"binary-expr","locations":[{"start":{"line":18,"column":41},"end":{"line":18,"column":55}},{"start":{"line":18,"column":53},"end":{"line":18,"column":55}}]},"5":{"loc":{"start":{"line":20,"column":21},"end":{"line":20,"column":88}},"type":"binary-expr","locations":[{"start":{"line":20,"column":21},"end":{"line":20,"column":75}},{"start":{"line":20,"column":79},"end":{"line":20,"column":88}}]}},"s":{"0":5,"1":5,"2":5,"3":5,"4":8,"5":8,"6":8,"7":8,"8":8,"9":8,"10":8,"11":0,"12":8,"13":0,"14":0,"15":0,"16":0,"17":0},"f":{"0":8,"1":8},"b":{"0":[8,0],"1":[8,8],"2":[8,0],"3":[0,8],"4":[8,8],"5":[0,0]}}
,"/Users/idanabel/מסמכים/Work/jelly_world/server/src/middlewares/errorMiddleware.ts": {"path":"/Users/idanabel/מסמכים/Work/jelly_world/server/src/middlewares/errorMiddleware.ts","statementMap":{"0":{"start":{"line":3,"column":24},"end":{"line":7,"column":1}},"1":{"start":{"line":4,"column":16},"end":{"line":4,"column":59}},"2":{"start":{"line":5,"column":2},"end":{"line":5,"column":18}},"3":{"start":{"line":6,"column":2},"end":{"line":6,"column":14}},"4":{"start":{"line":3,"column":13},"end":{"line":3,"column":24}},"5":{"start":{"line":9,"column":28},"end":{"line":13,"column":1}},"6":{"start":{"line":10,"column":21},"end":{"line":10,"column":58}},"7":{"start":{"line":11,"column":2},"end":{"line":11,"column":25}},"8":{"start":{"line":12,"column":2},"end":{"line":12,"column":37}},"9":{"start":{"line":9,"column":13},"end":{"line":9,"column":28}}},"fnMap":{"0":{"name":"(anonymous_0)","decl":{"start":{"line":3,"column":24},"end":{"line":3,"column":25}},"loc":{"start":{"line":3,"column":76},"end":{"line":7,"column":1}}},"1":{"name":"(anonymous_1)","decl":{"start":{"line":9,"column":28},"end":{"line":9,"column":29}},"loc":{"start":{"line":9,"column":92},"end":{"line":13,"column":1}}}},"branchMap":{"0":{"loc":{"start":{"line":10,"column":21},"end":{"line":10,"column":58}},"type":"cond-expr","locations":[{"start":{"line":10,"column":38},"end":{"line":10,"column":52}},{"start":{"line":10,"column":55},"end":{"line":10,"column":58}}]}},"s":{"0":5,"1":0,"2":0,"3":0,"4":5,"5":5,"6":2,"7":2,"8":2,"9":5},"f":{"0":0,"1":2},"b":{"0":[2,0]}}
,"/Users/idanabel/מסמכים/Work/jelly_world/server/src/models/candyModel.ts": {"path":"/Users/idanabel/מסמכים/Work/jelly_world/server/src/models/candyModel.ts","statementMap":{"0":{"start":{"line":1,"column":0},"end":{"line":1,"column":54}},"1":{"start":{"line":2,"column":0},"end":{"line":2,"column":53}},"2":{"start":{"line":3,"column":0},"end":{"line":3,"column":31}},"3":{"start":{"line":26,"column":28},"end":{"line":96,"column":null}},"4":{"start":{"line":99,"column":0},"end":{"line":99,"column":61}}},"fnMap":{},"branchMap":{},"s":{"0":5,"1":5,"2":5,"3":5,"4":5},"f":{},"b":{}}
,"/Users/idanabel/מסמכים/Work/jelly_world/server/src/models/messageModel.ts": {"path":"/Users/idanabel/מסמכים/Work/jelly_world/server/src/models/messageModel.ts","statementMap":{"0":{"start":{"line":1,"column":0},"end":{"line":1,"column":61}},"1":{"start":{"line":11,"column":40},"end":{"line":28,"column":null}},"2":{"start":{"line":31,"column":33},"end":{"line":33,"column":null}},"3":{"start":{"line":35,"column":0},"end":{"line":35,"column":23}}},"fnMap":{},"branchMap":{},"s":{"0":5,"1":5,"2":5,"3":5},"f":{},"b":{}}
,"/Users/idanabel/מסמכים/Work/jelly_world/server/src/models/reviewModel.ts": {"path":"/Users/idanabel/מסמכים/Work/jelly_world/server/src/models/reviewModel.ts","statementMap":{"0":{"start":{"line":1,"column":0},"end":{"line":1,"column":54}},"1":{"start":{"line":11,"column":13},"end":{"line":24,"column":2}},"2":{"start":{"line":26,"column":20},"end":{"line":26,"column":67}},"3":{"start":{"line":28,"column":0},"end":{"line":28,"column":27}}},"fnMap":{},"branchMap":{},"s":{"0":5,"1":5,"2":5,"3":5},"f":{},"b":{}}
,"/Users/idanabel/מסמכים/Work/jelly_world/server/src/models/userModel.ts": {"path":"/Users/idanabel/מסמכים/Work/jelly_world/server/src/models/userModel.ts","statementMap":{"0":{"start":{"line":1,"column":0},"end":{"line":1,"column":61}},"1":{"start":{"line":2,"column":0},"end":{"line":2,"column":30}},"2":{"start":{"line":13,"column":34},"end":{"line":39,"column":null}},"3":{"start":{"line":42,"column":0},"end":{"line":46,"column":2}},"4":{"start":{"line":45,"column":2},"end":{"line":45,"column":68}},"5":{"start":{"line":48,"column":0},"end":{"line":56,"column":3}},"6":{"start":{"line":49,"column":2},"end":{"line":51,"column":3}},"7":{"start":{"line":50,"column":4},"end":{"line":50,"column":18}},"8":{"start":{"line":53,"column":15},"end":{"line":53,"column":39}},"9":{"start":{"line":54,"column":2},"end":{"line":54,"column":63}},"10":{"start":{"line":55,"column":2},"end":{"line":55,"column":9}},"11":{"start":{"line":58,"column":32},"end":{"line":58,"column":74}},"12":{"start":{"line":60,"column":0},"end":{"line":60,"column":25}}},"fnMap":{"0":{"name":"(anonymous_8)","decl":{"start":{"line":42,"column":35},"end":{"line":42,"column":null}},"loc":{"start":{"line":43,"column":25},"end":{"line":46,"column":2}}},"1":{"name":"(anonymous_10)","decl":{"start":{"line":48,"column":30},"end":{"line":48,"column":46}},"loc":{"start":{"line":48,"column":50},"end":{"line":56,"column":2}}}},"branchMap":{"0":{"loc":{"start":{"line":45,"column":47},"end":{"line":45,"column":66}},"type":"binary-expr","locations":[{"start":{"line":45,"column":47},"end":{"line":45,"column":60}},{"start":{"line":45,"column":64},"end":{"line":45,"column":66}}]},"1":{"loc":{"start":{"line":49,"column":2},"end":{"line":51,"column":3}},"type":"if","locations":[{"start":{"line":49,"column":2},"end":{"line":51,"column":3}}]},"2":{"loc":{"start":{"line":54,"column":36},"end":{"line":54,"column":55}},"type":"binary-expr","locations":[{"start":{"line":54,"column":36},"end":{"line":54,"column":49}},{"start":{"line":54,"column":53},"end":{"line":54,"column":55}}]}},"s":{"0":5,"1":5,"2":5,"3":5,"4":3,"5":5,"6":5,"7":0,"8":5,"9":5,"10":5,"11":5,"12":5},"f":{"0":3,"1":5},"b":{"0":[3,0],"1":[0],"2":[5,0]}}
,"/Users/idanabel/מסמכים/Work/jelly_world/server/src/routes/authRoute.ts": {"path":"/Users/idanabel/מסמכים/Work/jelly_world/server/src/routes/authRoute.ts","statementMap":{"0":{"start":{"line":1,"column":0},"end":{"line":1,"column":30}},"1":{"start":{"line":2,"column":0},"end":{"line":2,"column":null}},"2":{"start":{"line":12,"column":0},"end":{"line":12,"column":56}},"3":{"start":{"line":14,"column":15},"end":{"line":14,"column":31}},"4":{"start":{"line":16,"column":0},"end":{"line":16,"column":33}},"5":{"start":{"line":17,"column":0},"end":{"line":17,"column":28}},"6":{"start":{"line":18,"column":0},"end":{"line":18,"column":48}},"7":{"start":{"line":19,"column":0},"end":{"line":19,"column":27}},"8":{"start":{"line":20,"column":0},"end":{"line":20,"column":29}},"9":{"start":{"line":21,"column":0},"end":{"line":21,"column":41}},"10":{"start":{"line":22,"column":0},"end":{"line":22,"column":42}},"11":{"start":{"line":23,"column":0},"end":{"line":23,"column":43}},"12":{"start":{"line":25,"column":0},"end":{"line":25,"column":22}}},"fnMap":{},"branchMap":{},"s":{"0":5,"1":5,"2":5,"3":5,"4":5,"5":5,"6":5,"7":5,"8":5,"9":5,"10":5,"11":5,"12":5},"f":{},"b":{}}
,"/Users/idanabel/מסמכים/Work/jelly_world/server/src/routes/candyRoute.ts": {"path":"/Users/idanabel/מסמכים/Work/jelly_world/server/src/routes/candyRoute.ts","statementMap":{"0":{"start":{"line":1,"column":0},"end":{"line":1,"column":30}},"1":{"start":{"line":2,"column":0},"end":{"line":2,"column":null}},"2":{"start":{"line":13,"column":0},"end":{"line":13,"column":56}},"3":{"start":{"line":15,"column":15},"end":{"line":15,"column":31}},"4":{"start":{"line":17,"column":0},"end":{"line":17,"column":42}},"5":{"start":{"line":18,"column":0},"end":{"line":18,"column":28}},"6":{"start":{"line":19,"column":0},"end":{"line":19,"column":39}},"7":{"start":{"line":20,"column":0},"end":{"line":20,"column":56}},"8":{"start":{"line":21,"column":0},"end":{"line":21,"column":34}},"9":{"start":{"line":22,"column":0},"end":{"line":22,"column":33}},"10":{"start":{"line":23,"column":0},"end":{"line":23,"column":44}},"11":{"start":{"line":24,"column":0},"end":{"line":24,"column":41}},"12":{"start":{"line":25,"column":0},"end":{"line":25,"column":45}},"13":{"start":{"line":26,"column":0},"end":{"line":26,"column":49}},"14":{"start":{"line":28,"column":0},"end":{"line":28,"column":22}}},"fnMap":{},"branchMap":{},"s":{"0":5,"1":5,"2":5,"3":5,"4":5,"5":5,"6":5,"7":5,"8":5,"9":5,"10":5,"11":5,"12":5,"13":5,"14":5},"f":{},"b":{}}
,"/Users/idanabel/מסמכים/Work/jelly_world/server/src/routes/chatBotRoute.ts": {"path":"/Users/idanabel/מסמכים/Work/jelly_world/server/src/routes/chatBotRoute.ts","statementMap":{"0":{"start":{"line":1,"column":0},"end":{"line":1,"column":30}},"1":{"start":{"line":2,"column":0},"end":{"line":2,"column":70}},"2":{"start":{"line":4,"column":15},"end":{"line":4,"column":31}},"3":{"start":{"line":6,"column":0},"end":{"line":6,"column":48}},"4":{"start":{"line":8,"column":0},"end":{"line":8,"column":22}}},"fnMap":{},"branchMap":{},"s":{"0":5,"1":5,"2":5,"3":5,"4":5},"f":{},"b":{}}
,"/Users/idanabel/מסמכים/Work/jelly_world/server/src/routes/messageRoute.ts": {"path":"/Users/idanabel/מסמכים/Work/jelly_world/server/src/routes/messageRoute.ts","statementMap":{"0":{"start":{"line":1,"column":0},"end":{"line":1,"column":30}},"1":{"start":{"line":2,"column":0},"end":{"line":2,"column":63}},"2":{"start":{"line":4,"column":15},"end":{"line":4,"column":31}},"3":{"start":{"line":6,"column":0},"end":{"line":6,"column":29}},"4":{"start":{"line":8,"column":0},"end":{"line":8,"column":22}}},"fnMap":{},"branchMap":{},"s":{"0":5,"1":5,"2":5,"3":5,"4":5},"f":{},"b":{}}
,"/Users/idanabel/מסמכים/Work/jelly_world/server/src/routes/uploadRoutes.ts": {"path":"/Users/idanabel/מסמכים/Work/jelly_world/server/src/routes/uploadRoutes.ts","statementMap":{"0":{"start":{"line":1,"column":0},"end":{"line":1,"column":30}},"1":{"start":{"line":2,"column":0},"end":{"line":2,"column":62}},"2":{"start":{"line":3,"column":0},"end":{"line":3,"column":28}},"3":{"start":{"line":4,"column":0},"end":{"line":4,"column":29}},"4":{"start":{"line":7,"column":15},"end":{"line":7,"column":31}},"5":{"start":{"line":9,"column":15},"end":{"line":38,"column":2}},"6":{"start":{"line":12,"column":6},"end":{"line":12,"column":26}},"7":{"start":{"line":15,"column":29},"end":{"line":17,"column":9}},"8":{"start":{"line":18,"column":6},"end":{"line":18,"column":31}},"9":{"start":{"line":22,"column":29},"end":{"line":27,"column":6}},"10":{"start":{"line":28,"column":4},"end":{"line":36,"column":5}},"11":{"start":{"line":29,"column":6},"end":{"line":29,"column":21}},"12":{"start":{"line":31,"column":6},"end":{"line":35,"column":8}},"13":{"start":{"line":40,"column":0},"end":{"line":40,"column":54}},"14":{"start":{"line":42,"column":0},"end":{"line":42,"column":22}}},"fnMap":{"0":{"name":"(anonymous_10)","decl":{"start":{"line":11,"column":17},"end":{"line":11,"column":18}},"loc":{"start":{"line":11,"column":35},"end":{"line":13,"column":5}}},"1":{"name":"(anonymous_11)","decl":{"start":{"line":14,"column":14},"end":{"line":14,"column":15}},"loc":{"start":{"line":14,"column":32},"end":{"line":19,"column":5}}},"2":{"name":"(anonymous_12)","decl":{"start":{"line":21,"column":14},"end":{"line":21,"column":15}},"loc":{"start":{"line":21,"column":32},"end":{"line":37,"column":3}}}},"branchMap":{"0":{"loc":{"start":{"line":28,"column":4},"end":{"line":36,"column":5}},"type":"if","locations":[{"start":{"line":28,"column":4},"end":{"line":36,"column":5}},{"start":{"line":30,"column":11},"end":{"line":36,"column":5}}]}},"s":{"0":5,"1":5,"2":5,"3":5,"4":5,"5":5,"6":0,"7":0,"8":0,"9":0,"10":0,"11":0,"12":0,"13":5,"14":5},"f":{"0":0,"1":0,"2":0},"b":{"0":[0,0]}}
}
