TN:
SF:src/server.ts
FN:21,(anonymous_1)
FN:65,(anonymous_2)
FN:66,(anonymous_3)
FN:68,(anonymous_4)
FN:69,(anonymous_5)
FN:75,(anonymous_6)
FN:78,(anonymous_7)
FNF:7
FNH:5
FNDA:26,(anonymous_1)
FNDA:0,(anonymous_2)
FNDA:5,(anonymous_3)
FNDA:5,(anonymous_4)
FNDA:5,(anonymous_5)
FNDA:5,(anonymous_6)
FNDA:0,(anonymous_7)
DA:1,5
DA:2,5
DA:4,5
DA:5,5
DA:6,5
DA:7,5
DA:8,5
DA:9,5
DA:11,5
DA:12,5
DA:13,5
DA:14,5
DA:15,5
DA:17,5
DA:19,5
DA:20,5
DA:21,5
DA:22,26
DA:23,26
DA:24,26
DA:25,26
DA:26,26
DA:28,26
DA:31,5
DA:32,5
DA:34,5
DA:35,5
DA:36,5
DA:37,5
DA:38,5
DA:39,5
DA:41,5
DA:56,5
DA:57,5
DA:58,5
DA:61,5
DA:62,5
DA:64,5
DA:65,5
DA:66,5
DA:68,5
DA:69,5
DA:70,5
DA:71,0
DA:73,5
DA:76,5
DA:79,0
DA:85,5
LF:48
LH:46
BRDA:70,0,0,0
BRDA:70,0,1,5
BRF:2
BRH:1
end_of_record
TN:
SF:src/common/customTypes.ts
FN:12,(anonymous_0)
FN:18,(anonymous_1)
FNF:2
FNH:2
FNDA:55,(anonymous_0)
FNDA:11,(anonymous_1)
DA:12,5
DA:18,55
DA:19,11
LF:3
LH:3
BRF:0
BRH:0
end_of_record
TN:
SF:src/controllers/authController.ts
FN:10,(anonymous_8)
FN:10,(anonymous_9)
FN:15,(anonymous_10)
FN:15,(anonymous_11)
FN:27,(anonymous_12)
FN:27,(anonymous_13)
FN:45,(anonymous_14)
FN:45,(anonymous_15)
FN:57,(anonymous_16)
FN:57,(anonymous_17)
FN:73,(anonymous_18)
FN:73,(anonymous_19)
FN:88,(anonymous_20)
FN:88,(anonymous_21)
FN:122,(anonymous_22)
FN:122,(anonymous_23)
FN:152,(anonymous_24)
FNF:17
FNH:12
FNDA:1,(anonymous_8)
FNDA:1,(anonymous_9)
FNDA:2,(anonymous_10)
FNDA:2,(anonymous_11)
FNDA:0,(anonymous_12)
FNDA:0,(anonymous_13)
FNDA:1,(anonymous_14)
FNDA:1,(anonymous_15)
FNDA:3,(anonymous_16)
FNDA:3,(anonymous_17)
FNDA:3,(anonymous_18)
FNDA:3,(anonymous_19)
FNDA:0,(anonymous_20)
FNDA:0,(anonymous_21)
FNDA:1,(anonymous_22)
FNDA:1,(anonymous_23)
FNDA:0,(anonymous_24)
DA:1,5
DA:2,5
DA:4,5
DA:7,5
DA:8,5
DA:10,5
DA:11,1
DA:12,1
DA:15,5
DA:16,2
DA:17,2
DA:19,1
DA:20,1
DA:22,0
DA:23,0
DA:27,5
DA:28,0
DA:29,0
DA:30,0
DA:32,0
DA:33,0
DA:40,0
DA:41,0
DA:45,5
DA:46,1
DA:47,1
DA:49,1
DA:50,1
DA:52,0
DA:53,0
DA:57,5
DA:58,3
DA:59,3
DA:60,3
DA:62,3
DA:66,3
DA:68,0
DA:69,0
DA:73,5
DA:74,3
DA:76,3
DA:78,3
DA:79,0
DA:80,0
DA:83,3
DA:85,3
DA:88,5
DA:89,0
DA:91,0
DA:92,0
DA:97,0
DA:98,0
DA:100,0
DA:105,0
DA:106,0
DA:112,0
DA:114,0
DA:117,0
DA:118,0
DA:122,5
DA:123,1
DA:124,1
DA:126,1
DA:128,1
DA:129,0
DA:130,0
DA:131,0
DA:133,0
DA:134,0
DA:137,0
DA:139,0
DA:147,1
DA:148,1
DA:152,5
DA:153,0
DA:159,5
DA:160,5
DA:161,5
DA:162,5
DA:163,5
DA:164,5
DA:165,5
DA:166,5
LF:83
LH:48
BRDA:19,0,0,1
BRDA:19,0,1,0
BRDA:32,1,0,0
BRDA:32,1,1,0
BRDA:37,2,0,0
BRDA:37,2,1,0
BRDA:49,3,0,1
BRDA:49,3,1,0
BRDA:78,4,0,0
BRDA:78,5,0,3
BRDA:78,5,1,3
BRDA:105,6,0,0
BRDA:105,6,1,0
BRDA:128,7,0,0
BRDA:128,7,1,1
BRDA:129,8,0,0
BRDA:129,8,1,0
BRDA:130,9,0,0
BRDA:130,9,1,0
BRDA:131,10,0,0
BRDA:131,10,1,0
BRDA:133,11,0,0
BRF:22
BRH:5
end_of_record
TN:
SF:src/controllers/candyController.ts
FN:8,(anonymous_8)
FN:8,(anonymous_9)
FN:18,(anonymous_10)
FN:18,(anonymous_11)
FN:47,(anonymous_12)
FN:47,(anonymous_13)
FN:58,(anonymous_14)
FN:71,(anonymous_15)
FN:71,(anonymous_16)
FN:85,(anonymous_17)
FN:85,(anonymous_18)
FN:96,(anonymous_19)
FN:96,(anonymous_20)
FN:136,(anonymous_21)
FN:136,(anonymous_22)
FN:155,(anonymous_23)
FN:169,(anonymous_24)
FN:169,(anonymous_25)
FN:174,(anonymous_26)
FN:174,(anonymous_27)
FN:208,(anonymous_28)
FN:208,(anonymous_29)
FN:236,(anonymous_30)
FNF:23
FNH:22
FNDA:1,(anonymous_8)
FNDA:1,(anonymous_9)
FNDA:1,(anonymous_10)
FNDA:1,(anonymous_11)
FNDA:1,(anonymous_12)
FNDA:1,(anonymous_13)
FNDA:0,(anonymous_14)
FNDA:1,(anonymous_15)
FNDA:1,(anonymous_16)
FNDA:1,(anonymous_17)
FNDA:1,(anonymous_18)
FNDA:1,(anonymous_19)
FNDA:1,(anonymous_20)
FNDA:1,(anonymous_21)
FNDA:1,(anonymous_22)
FNDA:1,(anonymous_23)
FNDA:1,(anonymous_24)
FNDA:1,(anonymous_25)
FNDA:1,(anonymous_26)
FNDA:1,(anonymous_27)
FNDA:1,(anonymous_28)
FNDA:1,(anonymous_29)
FNDA:1,(anonymous_30)
DA:2,5
DA:3,5
DA:4,5
DA:5,5
DA:7,5
DA:8,1
DA:9,1
DA:12,0
DA:13,0
DA:17,5
DA:18,1
DA:19,1
DA:28,1
DA:36,1
DA:41,1
DA:42,1
DA:46,5
DA:47,1
DA:48,1
DA:56,0
DA:57,0
DA:59,0
DA:62,0
DA:64,0
DA:65,0
DA:70,5
DA:71,1
DA:72,1
DA:74,1
DA:75,1
DA:76,1
DA:78,0
DA:79,0
DA:84,5
DA:85,1
DA:86,1
DA:88,1
DA:89,1
DA:91,1
DA:95,5
DA:96,1
DA:109,1
DA:111,1
DA:126,1
DA:127,1
DA:129,0
DA:130,0
DA:135,5
DA:136,1
DA:139,1
DA:141,1
DA:143,1
DA:144,1
DA:151,1
DA:152,1
DA:153,1
DA:155,1
DA:159,1
DA:160,1
DA:162,0
DA:163,0
DA:168,5
DA:169,1
DA:170,1
DA:171,1
DA:174,5
DA:175,1
DA:176,1
DA:177,1
DA:179,1
DA:180,0
DA:181,0
DA:184,1
DA:185,0
DA:186,0
DA:189,1
DA:190,1
DA:191,0
DA:192,0
DA:195,1
DA:197,1
DA:198,0
DA:199,0
DA:202,1
DA:203,1
DA:205,1
DA:208,5
DA:209,1
DA:210,1
DA:211,1
DA:213,1
DA:214,0
DA:215,0
DA:218,1
DA:219,0
DA:220,0
DA:223,1
DA:224,1
DA:225,0
DA:226,0
DA:229,1
DA:231,1
DA:232,0
DA:233,0
DA:236,1
DA:237,1
DA:239,1
DA:243,5
DA:244,5
DA:245,5
DA:246,5
DA:247,5
DA:248,5
DA:249,5
DA:250,5
DA:251,5
DA:252,5
LF:117
LH:87
BRDA:19,0,0,0
BRDA:19,0,1,1
BRDA:28,1,0,0
BRDA:28,1,1,1
BRDA:56,2,0,0
BRDA:56,2,1,0
BRDA:74,3,0,1
BRDA:74,3,1,0
BRDA:88,4,0,0
BRDA:88,4,1,1
BRDA:88,5,0,1
BRDA:88,5,1,1
BRDA:126,6,0,1
BRDA:126,6,1,0
BRDA:143,7,0,1
BRDA:143,7,1,0
BRDA:179,8,0,0
BRDA:184,9,0,0
BRDA:190,10,0,0
BRDA:197,11,0,0
BRDA:213,12,0,0
BRDA:218,13,0,0
BRDA:224,14,0,0
BRDA:231,15,0,0
BRF:24
BRH:8
end_of_record
TN:
SF:src/controllers/chatBotController.ts
FN:7,(anonymous_8)
FN:7,(anonymous_9)
FN:21,(anonymous_10)
FN:22,(anonymous_11)
FN:32,calculateCandyScores
FNF:5
FNH:5
FNDA:1,(anonymous_8)
FNDA:1,(anonymous_9)
FNDA:2,(anonymous_10)
FNDA:1,(anonymous_11)
FNDA:1,calculateCandyScores
DA:1,5
DA:2,5
DA:4,5
DA:5,5
DA:7,5
DA:8,1
DA:10,1
DA:11,1
DA:15,1
DA:16,1
DA:18,1
DA:20,1
DA:21,2
DA:22,1
DA:25,1
DA:27,0
DA:28,0
DA:33,1
DA:34,1
DA:36,1
DA:37,2
DA:39,2
DA:40,2
DA:41,2
DA:43,2
DA:44,2
DA:46,2
DA:47,2
DA:48,2
DA:49,2
DA:51,2
DA:53,2
DA:55,2
DA:58,1
LF:34
LH:32
BRDA:4,0,0,5
BRDA:4,0,1,0
BRDA:39,1,0,2
BRDA:40,2,0,2
BRDA:41,3,0,0
BRDA:43,4,0,2
BRDA:44,5,0,2
BRDA:46,6,0,0
BRDA:46,7,0,2
BRDA:46,7,1,0
BRDA:47,8,0,0
BRDA:47,9,0,2
BRDA:47,9,1,0
BRDA:48,10,0,0
BRDA:48,11,0,2
BRDA:48,11,1,0
BRDA:49,12,0,0
BRDA:49,13,0,2
BRDA:49,13,1,0
BRF:19
BRH:9
end_of_record
TN:
SF:src/controllers/messageController.ts
FN:5,(anonymous_8)
FN:5,(anonymous_9)
FN:10,(anonymous_10)
FN:14,(anonymous_11)
FNF:4
FNH:2
FNDA:2,(anonymous_8)
FNDA:2,(anonymous_9)
FNDA:0,(anonymous_10)
FNDA:0,(anonymous_11)
DA:2,5
DA:3,5
DA:5,5
DA:6,2
DA:7,2
DA:10,5
DA:14,0
DA:15,0
DA:21,0
DA:24,5
LF:10
LH:7
BRF:0
BRH:0
end_of_record
TN:
SF:src/controllers/uploadController.ts
FN:4,(anonymous_7)
FN:4,(anonymous_8)
FNF:2
FNH:2
FNDA:1,(anonymous_7)
FNDA:1,(anonymous_8)
DA:2,5
DA:4,5
DA:5,1
DA:6,1
DA:7,1
DA:8,1
DA:10,1
DA:11,1
DA:13,0
DA:15,1
DA:19,5
LF:11
LH:10
BRDA:7,0,0,1
BRF:1
BRH:1
end_of_record
TN:
SF:src/middlewares/authMiddleware.ts
FN:8,(anonymous_8)
FN:8,(anonymous_9)
FNF:2
FNH:2
FNDA:8,(anonymous_8)
FNDA:8,(anonymous_9)
DA:1,5
DA:2,5
DA:4,5
DA:7,5
DA:8,8
DA:9,8
DA:13,8
DA:14,8
DA:15,8
DA:17,8
DA:18,8
DA:20,0
DA:23,8
DA:25,0
DA:26,0
DA:27,0
DA:30,0
DA:31,0
LF:18
LH:12
BRDA:9,0,0,8
BRDA:9,0,1,0
BRDA:10,1,0,8
BRDA:10,1,1,8
BRDA:17,2,0,8
BRDA:17,2,1,0
BRDA:18,3,0,0
BRDA:18,3,1,8
BRDA:18,4,0,8
BRDA:18,4,1,8
BRDA:20,5,0,0
BRDA:20,5,1,0
BRF:12
BRH:7
end_of_record
TN:
SF:src/middlewares/errorMiddleware.ts
FN:3,(anonymous_0)
FN:9,(anonymous_1)
FNF:2
FNH:1
FNDA:0,(anonymous_0)
FNDA:2,(anonymous_1)
DA:3,5
DA:4,0
DA:5,0
DA:6,0
DA:9,5
DA:10,2
DA:11,2
DA:12,2
LF:8
LH:5
BRDA:10,0,0,2
BRDA:10,0,1,0
BRF:2
BRH:1
end_of_record
TN:
SF:src/models/candyModel.ts
FNF:0
FNH:0
DA:1,5
DA:2,5
DA:3,5
DA:26,5
DA:99,5
LF:5
LH:5
BRF:0
BRH:0
end_of_record
TN:
SF:src/models/messageModel.ts
FNF:0
FNH:0
DA:1,5
DA:11,5
DA:31,5
DA:35,5
LF:4
LH:4
BRF:0
BRH:0
end_of_record
TN:
SF:src/models/reviewModel.ts
FNF:0
FNH:0
DA:1,5
DA:11,5
DA:26,5
DA:28,5
LF:4
LH:4
BRF:0
BRH:0
end_of_record
TN:
SF:src/models/userModel.ts
FN:42,(anonymous_8)
FN:48,(anonymous_10)
FNF:2
FNH:2
FNDA:3,(anonymous_8)
FNDA:5,(anonymous_10)
DA:1,5
DA:2,5
DA:13,5
DA:42,5
DA:45,3
DA:48,5
DA:49,5
DA:50,0
DA:53,5
DA:54,5
DA:55,5
DA:58,5
DA:60,5
LF:13
LH:12
BRDA:45,0,0,3
BRDA:45,0,1,0
BRDA:49,1,0,0
BRDA:54,2,0,5
BRDA:54,2,1,0
BRF:5
BRH:2
end_of_record
TN:
SF:src/routes/authRoute.ts
FNF:0
FNH:0
DA:1,5
DA:2,5
DA:12,5
DA:14,5
DA:16,5
DA:17,5
DA:18,5
DA:19,5
DA:20,5
DA:21,5
DA:22,5
DA:23,5
DA:25,5
LF:13
LH:13
BRF:0
BRH:0
end_of_record
TN:
SF:src/routes/candyRoute.ts
FNF:0
FNH:0
DA:1,5
DA:2,5
DA:13,5
DA:15,5
DA:17,5
DA:18,5
DA:19,5
DA:20,5
DA:21,5
DA:22,5
DA:23,5
DA:24,5
DA:25,5
DA:26,5
DA:28,5
LF:15
LH:15
BRF:0
BRH:0
end_of_record
TN:
SF:src/routes/chatBotRoute.ts
FNF:0
FNH:0
DA:1,5
DA:2,5
DA:4,5
DA:6,5
DA:8,5
LF:5
LH:5
BRF:0
BRH:0
end_of_record
TN:
SF:src/routes/messageRoute.ts
FNF:0
FNH:0
DA:1,5
DA:2,5
DA:4,5
DA:6,5
DA:8,5
LF:5
LH:5
BRF:0
BRH:0
end_of_record
TN:
SF:src/routes/uploadRoutes.ts
FN:11,(anonymous_10)
FN:14,(anonymous_11)
FN:21,(anonymous_12)
FNF:3
FNH:0
FNDA:0,(anonymous_10)
FNDA:0,(anonymous_11)
FNDA:0,(anonymous_12)
DA:1,5
DA:2,5
DA:3,5
DA:4,5
DA:7,5
DA:9,5
DA:12,0
DA:15,0
DA:18,0
DA:22,0
DA:28,0
DA:29,0
DA:31,0
DA:40,5
DA:42,5
LF:15
LH:8
BRDA:28,0,0,0
BRDA:28,0,1,0
BRF:2
BRH:0
end_of_record
